This is pdfTeX, Version 3.14159265-2.6-1.40.15 (TeX Live 2014) (preloaded format=pdflatex 2014.5.25)  2 NOV 2014 19:40
entering extended mode
 restricted \write18 enabled.
 file:line:error style messages enabled.
 %&-line parsing enabled.
**ProbabilityStatistics.tex
(./ProbabilityStatistics.tex
LaTeX2e <2014/05/01>
Babel <3.9k> and hyphenation patterns for 78 languages loaded.
(/usr/local/texlive/2014/texmf-dist/tex/latex/base/book.cls
Document Class: book 2007/10/19 v1.4h Standard LaTeX document class
(/usr/local/texlive/2014/texmf-dist/tex/latex/base/bk10.clo
File: bk10.clo 2007/10/19 v1.4h Standard LaTeX file (size option)
)
\c@part=\count79
\c@chapter=\count80
\c@section=\count81
\c@subsection=\count82
\c@subsubsection=\count83
\c@paragraph=\count84
\c@subparagraph=\count85
\c@figure=\count86
\c@table=\count87
\abovecaptionskip=\skip41
\belowcaptionskip=\skip42
\bibindent=\dimen102
)
(/usr/local/texlive/2014/texmf-dist/tex/latex/preprint/fullpage.sty
Package: fullpage 1999/02/23 1.1 (PWD)
\FP@margin=\skip43
)
(/usr/local/texlive/2014/texmf-dist/tex/latex/amsfonts/amsfonts.sty
Package: amsfonts 2013/01/14 v3.01 Basic AMSFonts support
\@emptytoks=\toks14
\symAMSa=\mathgroup4
\symAMSb=\mathgroup5
LaTeX Font Info:    Overwriting math alphabet `\mathfrak' in version `bold'
(Font)                  U/euf/m/n --> U/euf/b/n on input line 106.
)
(/usr/local/texlive/2014/texmf-dist/tex/latex/amsmath/amsmath.sty
Package: amsmath 2013/01/14 v2.14 AMS math features
\@mathmargin=\skip44

For additional information on amsmath, use the `?' option.
(/usr/local/texlive/2014/texmf-dist/tex/latex/amsmath/amstext.sty
Package: amstext 2000/06/29 v2.01

(/usr/local/texlive/2014/texmf-dist/tex/latex/amsmath/amsgen.sty
File: amsgen.sty 1999/11/30 v2.0
\@emptytoks=\toks15
\ex@=\dimen103
))
(/usr/local/texlive/2014/texmf-dist/tex/latex/amsmath/amsbsy.sty
Package: amsbsy 1999/11/29 v1.2d
\pmbraise@=\dimen104
)
(/usr/local/texlive/2014/texmf-dist/tex/latex/amsmath/amsopn.sty
Package: amsopn 1999/12/14 v2.01 operator names
)
\inf@bad=\count88
LaTeX Info: Redefining \frac on input line 210.
\uproot@=\count89
\leftroot@=\count90
LaTeX Info: Redefining \overline on input line 306.
\classnum@=\count91
\DOTSCASE@=\count92
LaTeX Info: Redefining \ldots on input line 378.
LaTeX Info: Redefining \dots on input line 381.
LaTeX Info: Redefining \cdots on input line 466.
\Mathstrutbox@=\box26
\strutbox@=\box27
\big@size=\dimen105
LaTeX Font Info:    Redeclaring font encoding OML on input line 566.
LaTeX Font Info:    Redeclaring font encoding OMS on input line 567.
\macc@depth=\count93
\c@MaxMatrixCols=\count94
\dotsspace@=\muskip10
\c@parentequation=\count95
\dspbrk@lvl=\count96
\tag@help=\toks16
\row@=\count97
\column@=\count98
\maxfields@=\count99
\andhelp@=\toks17
\eqnshift@=\dimen106
\alignsep@=\dimen107
\tagshift@=\dimen108
\tagwidth@=\dimen109
\totwidth@=\dimen110
\lineht@=\dimen111
\@envbody=\toks18
\multlinegap=\skip45
\multlinetaggap=\skip46
\mathdisplay@stack=\toks19
LaTeX Info: Redefining \[ on input line 2665.
LaTeX Info: Redefining \] on input line 2666.
)
(/usr/local/texlive/2014/texmf-dist/tex/latex/amscls/amsthm.sty
Package: amsthm 2004/08/06 v2.20
\thm@style=\toks20
\thm@bodyfont=\toks21
\thm@headfont=\toks22
\thm@notefont=\toks23
\thm@headpunct=\toks24
\thm@preskip=\skip47
\thm@postskip=\skip48
\thm@headsep=\skip49
\dth@everypar=\toks25
)
(/usr/local/texlive/2014/texmf-dist/tex/latex/graphics/graphics.sty
Package: graphics 2009/02/05 v1.0o Standard LaTeX Graphics (DPC,SPQR)

(/usr/local/texlive/2014/texmf-dist/tex/latex/graphics/trig.sty
Package: trig 1999/03/16 v1.09 sin cos tan (DPC)
)
(/usr/local/texlive/2014/texmf-dist/tex/latex/latexconfig/graphics.cfg
File: graphics.cfg 2010/04/23 v1.9 graphics configuration of TeX Live
)
Package graphics Info: Driver file: pdftex.def on input line 91.

(/usr/local/texlive/2014/texmf-dist/tex/latex/pdftex-def/pdftex.def
File: pdftex.def 2011/05/27 v0.06d Graphics/color for pdfTeX

(/usr/local/texlive/2014/texmf-dist/tex/generic/oberdiek/infwarerr.sty
Package: infwarerr 2010/04/08 v1.3 Providing info/warning/error messages (HO)
)
(/usr/local/texlive/2014/texmf-dist/tex/generic/oberdiek/ltxcmds.sty
Package: ltxcmds 2011/11/09 v1.22 LaTeX kernel commands for general use (HO)
)
\Gread@gobject=\count100
))
(/usr/local/texlive/2014/texmf-dist/tex/latex/graphics/epsfig.sty
Package: epsfig 1999/02/16 v1.7a (e)psfig emulation (SPQR)

(/usr/local/texlive/2014/texmf-dist/tex/latex/graphics/graphicx.sty
Package: graphicx 2014/04/25 v1.0g Enhanced LaTeX Graphics (DPC,SPQR)

(/usr/local/texlive/2014/texmf-dist/tex/latex/graphics/keyval.sty
Package: keyval 2014/05/08 v1.15 key=value parser (DPC)
\KV@toks@=\toks26
)
\Gin@req@height=\dimen112
\Gin@req@width=\dimen113
)
\epsfxsize=\dimen114
\epsfysize=\dimen115
)
(/usr/local/texlive/2014/texmf-dist/tex/latex/graphics/color.sty
Package: color 2014/04/23 v1.1a Standard LaTeX Color (DPC)

(/usr/local/texlive/2014/texmf-dist/tex/latex/latexconfig/color.cfg
File: color.cfg 2007/01/18 v1.5 color configuration of teTeX/TeXLive
)
Package color Info: Driver file: pdftex.def on input line 137.
)
(/usr/local/texlive/2014/texmf-dist/tex/latex/tools/array.sty
Package: array 2008/09/09 v2.4c Tabular extension package (FMi)
\col@sep=\dimen116
\extrarowheight=\dimen117
\NC@list=\toks27
\extratabsurround=\skip50
\backup@length=\skip51
)
(/usr/local/texlive/2014/texmf-dist/tex/latex/pstricks/pstricks.sty
Package: pstricks 2013/12/12 v0.60 LaTeX wrapper for `PSTricks' (RN,HV)

(/usr/local/texlive/2014/texmf-dist/tex/generic/oberdiek/ifpdf.sty
Package: ifpdf 2011/01/30 v2.3 Provides the ifpdf switch (HO)
Package ifpdf Info: pdfTeX in PDF mode is detected.
)
(/usr/local/texlive/2014/texmf-dist/tex/generic/pstricks/pstricks.tex
(/usr/local/texlive/2014/texmf-dist/tex/generic/xkeyval/pst-xkey.tex
File: pst-xkey.tex 2005/11/25 v1.6 PSTricks specialization of xkeyval (HA)

(/usr/local/texlive/2014/texmf-dist/tex/latex/xkeyval/xkeyval.sty
Package: xkeyval 2014/05/09 v2.6d package option processing (HA)

(/usr/local/texlive/2014/texmf-dist/tex/generic/xkeyval/xkeyval.tex
\XKV@toks=\toks28
\XKV@tempa@toks=\toks29
\XKV@depth=\count101
File: xkeyval.tex 2014/05/09 v2.6d key=value parser (HA)
)))
(/usr/local/texlive/2014/texmf-dist/tex/generic/pstricks/pst-fp.tex
`pst-fp' v0.05, 2010/01/17 (hv)
\pstFP@xs=\count102
\pstFP@xia=\count103
\pstFP@xib=\count104
\pstFP@xfa=\count105
\pstFP@xfb=\count106
\pstFP@rega=\count107
\pstFP@regb=\count108
\pstFP@regs=\count109
\pstFP@times=\count110
)
(/usr/local/texlive/2014/texmf-dist/tex/generic/pgf/utilities/pgfutil-common.te
x
\pgfutil@everybye=\toks30
\pgfutil@tempdima=\dimen118
\pgfutil@tempdimb=\dimen119

(/usr/local/texlive/2014/texmf-dist/tex/generic/pgf/utilities/pgfutil-common-li
sts.tex))
(/usr/local/texlive/2014/texmf-dist/tex/generic/pgf/utilities/pgfkeys.code.tex
\pgfkeys@pathtoks=\toks31
\pgfkeys@temptoks=\toks32

(/usr/local/texlive/2014/texmf-dist/tex/generic/pgf/utilities/pgfkeysfiltered.c
ode.tex
\pgfkeys@tmptoks=\toks33
))
(/usr/local/texlive/2014/texmf-dist/tex/generic/pgf/utilities/pgffor.code.tex
(/usr/local/texlive/2014/texmf-dist/tex/generic/pgf/math/pgfmath.code.tex
(/usr/local/texlive/2014/texmf-dist/tex/generic/pgf/math/pgfmathcalc.code.tex
(/usr/local/texlive/2014/texmf-dist/tex/generic/pgf/math/pgfmathutil.code.tex
\pgf@x=\dimen120
\pgf@xa=\dimen121
\pgf@xb=\dimen122
\pgf@xc=\dimen123
\pgf@y=\dimen124
\pgf@ya=\dimen125
\pgf@yb=\dimen126
\pgf@yc=\dimen127
\c@pgf@counta=\count111
\c@pgf@countb=\count112
\c@pgf@countc=\count113
\c@pgf@countd=\count114
\pgfutil@tempcnta=\count115
\pgfutil@tempcntb=\count116
)
(/usr/local/texlive/2014/texmf-dist/tex/generic/pgf/math/pgfmathparser.code.tex
\pgfmath@dimen=\dimen128
\pgfmath@count=\count117
\pgfmath@box=\box28
\pgfmath@toks=\toks34
\pgfmath@stack@operand=\toks35
\pgfmath@stack@operation=\toks36
)
(/usr/local/texlive/2014/texmf-dist/tex/generic/pgf/math/pgfmathfunctions.code.
tex
(/usr/local/texlive/2014/texmf-dist/tex/generic/pgf/math/pgfmathfunctions.basic
.code.tex)
(/usr/local/texlive/2014/texmf-dist/tex/generic/pgf/math/pgfmathfunctions.trigo
nometric.code.tex)
(/usr/local/texlive/2014/texmf-dist/tex/generic/pgf/math/pgfmathfunctions.rando
m.code.tex)
(/usr/local/texlive/2014/texmf-dist/tex/generic/pgf/math/pgfmathfunctions.compa
rison.code.tex)
(/usr/local/texlive/2014/texmf-dist/tex/generic/pgf/math/pgfmathfunctions.base.
code.tex)
(/usr/local/texlive/2014/texmf-dist/tex/generic/pgf/math/pgfmathfunctions.round
.code.tex)
(/usr/local/texlive/2014/texmf-dist/tex/generic/pgf/math/pgfmathfunctions.misc.
code.tex)
(/usr/local/texlive/2014/texmf-dist/tex/generic/pgf/math/pgfmathfunctions.integ
erarithmetics.code.tex)))
(/usr/local/texlive/2014/texmf-dist/tex/generic/pgf/math/pgfmathfloat.code.tex
\c@pgfmathroundto@lastzeros=\count118
))
\pgffor@iter=\dimen129
\pgffor@skip=\dimen130
\pgffor@stack=\toks37
\pgffor@toks=\toks38
)
\psLoopIndex=\count119

`PSTricks' v2.54a  <2014/05/19> (tvz)
\pst@dima=\dimen131
\pst@dimb=\dimen132
\pst@dimc=\dimen133
\pst@dimd=\dimen134
\pst@dimg=\dimen135
\pst@dimh=\dimen136
\pst@dimm=\dimen137
\pst@dimn=\dimen138
\pst@dimo=\dimen139
\pst@dimp=\dimen140
\pst@hbox=\box29
\pst@ibox=\box30
\pst@boxg=\box31
\pst@cnta=\count120
\pst@cntb=\count121
\pst@cntc=\count122
\pst@cntd=\count123
\pst@cntg=\count124
\pst@cnth=\count125
\pst@cntm=\count126
\pst@cntn=\count127
\pst@cnto=\count128
\pst@cntp=\count129
\@zero=\count130
\pst@toks=\toks39
(/usr/local/texlive/2014/texmf-dist/tex/generic/pstricks/pstricks.con)
\psunit=\dimen141
\psxunit=\dimen142
\psyunit=\dimen143
\pst@C@@rType=\count131
\pslinewidth=\dimen144
\psk@startLW=\dimen145
\psk@endLW=\dimen146
\pst@customdefs=\toks40
\pslinearc=\dimen147
\pst@symbolStep=\dimen148
\pst@symbolWidth=\dimen149
\pst@symbolLinewidth=\dimen150
\everypsbox=\toks41
\psframesep=\dimen151
\pslabelsep=\dimen152
\sh@wgridXunit=\dimen153
\sh@wgridYunit=\dimen154
\pst@shift=\dimen155
)
File: pstricks.tex 2014/05/19 v2.54a `PSTricks' (tvz,hv)

(/usr/local/texlive/2014/texmf-dist/tex/generic/pstricks/pst-fp.tex)
File: pst-fp.tex 2014/05/19 v2.54a `PST-fp' (hv)

(/usr/local/texlive/2014/texmf-dist/tex/latex/xcolor/xcolor.sty
Package: xcolor 2007/01/21 v2.11 LaTeX color extensions (UK)

(/usr/local/texlive/2014/texmf-dist/tex/latex/latexconfig/color.cfg
File: color.cfg 2007/01/18 v1.5 color configuration of teTeX/TeXLive
)
Package xcolor Info: Driver file: pdftex.def on input line 225.
LaTeX Info: Redefining \color on input line 702.
Package xcolor Info: Model `cmy' substituted by `cmy0' on input line 1337.
Package xcolor Info: Model `hsb' substituted by `rgb' on input line 1341.
Package xcolor Info: Model `RGB' extended on input line 1353.
Package xcolor Info: Model `HTML' substituted by `rgb' on input line 1355.
Package xcolor Info: Model `Hsb' substituted by `hsb' on input line 1356.
Package xcolor Info: Model `tHsb' substituted by `hsb' on input line 1357.
Package xcolor Info: Model `HSB' substituted by `hsb' on input line 1358.
Package xcolor Info: Model `Gray' substituted by `gray' on input line 1359.
Package xcolor Info: Model `wave' substituted by `hsb' on input line 1360.
))
(/usr/local/texlive/2014/texmf-dist/tex/latex/pst-plot/pst-plot.sty
Package: pst-plot 2011/06/05 v1.00 LaTeX wrapper for `pst-plot' (HV)

(/usr/local/texlive/2014/texmf-dist/tex/latex/xkeyval/pst-xkey.sty
Package: pst-xkey 2005/11/25 v1.6 package wrapper for pst-xkey.tex (HA)
)
(/usr/local/texlive/2014/texmf-dist/tex/latex/multido/multido.sty
Package: multido 2004/05/17 package wrapper for PSTricks `multido.tex', (HV/RN)


(/usr/local/texlive/2014/texmf-dist/tex/generic/multido/multido.tex
 v1.42, 2010/05/14 <tvz>
\multido@count=\count132
\multidocount=\count133
\multido@stuff=\toks42
)
File: multido.tex 2010/05/14 v1.42 `multido' (tvz,hv)
)
Package: pst-plot 2011/04/13 package wrapper for pst-plot.tex (hv)

(/usr/local/texlive/2014/texmf-dist/tex/generic/pst-plot/pst-plot.tex
(/usr/local/texlive/2014/texmf-dist/tex/generic/pst-tools/pst-tools.tex
`PST-tools' v0.05, 2014/05/12 (hv))  v1.62, 2014/05/12 (tvz,hv)
\pstRadUnit=\dimen156
\pstRadUnitInv=\dimen157
\pst@linecnt=\count134
\RCD@file=\read1
\psxlabelsep=\dimen158
\psylabelsep=\dimen159
\psk@subticksize=\dimen160
\pst@xticksizeA=\dimen161
\pst@xticksizeB=\dimen162
\pst@xticksizeC=\dimen163
\pst@yticksizeA=\dimen164
\pst@yticksizeB=\dimen165
\pst@yticksizeC=\dimen166
\@digitcounter=\count135
\psk@llx=\dimen167
\psk@lly=\dimen168
\psk@urx=\dimen169
\psk@ury=\dimen170
\pst@xunit=\dimen171
\pst@yunit=\dimen172
)
File: pst-plot.tex 2014/05/12 1.62 `pst-plot' (tvz,hv)
)
(/usr/local/texlive/2014/texmf-dist/tex/latex/multirow/multirow.sty
\bigstrutjot=\dimen173
)
(/usr/local/texlive/2014/texmf-dist/tex/latex/float/float.sty
Package: float 2001/11/08 v1.3d Float enhancements (AL)
\c@float@type=\count136
\float@exts=\toks43
\float@box=\box32
\@float@everytoks=\toks44
\@floatcapt=\box33
) (./macros.tex
\c@lemma=\count137
\c@problem=\count138
)
(./ProbabilityStatistics.aux)
\openout1 = `ProbabilityStatistics.aux'.

LaTeX Font Info:    Checking defaults for OML/cmm/m/it on input line 26.
LaTeX Font Info:    ... okay on input line 26.
LaTeX Font Info:    Checking defaults for T1/cmr/m/n on input line 26.
LaTeX Font Info:    ... okay on input line 26.
LaTeX Font Info:    Checking defaults for OT1/cmr/m/n on input line 26.
LaTeX Font Info:    ... okay on input line 26.
LaTeX Font Info:    Checking defaults for OMS/cmsy/m/n on input line 26.
LaTeX Font Info:    ... okay on input line 26.
LaTeX Font Info:    Checking defaults for OMX/cmex/m/n on input line 26.
LaTeX Font Info:    ... okay on input line 26.
LaTeX Font Info:    Checking defaults for U/cmr/m/n on input line 26.
LaTeX Font Info:    ... okay on input line 26.

(/usr/local/texlive/2014/texmf-dist/tex/context/base/supp-pdf.mkii
[Loading MPS to PDF converter (version 2006.09.02).]
\scratchcounter=\count139
\scratchdimen=\dimen174
\scratchbox=\box34
\nofMPsegments=\count140
\nofMParguments=\count141
\everyMPshowfont=\toks45
\MPscratchCnt=\count142
\MPscratchDim=\dimen175
\MPnumerator=\count143
\makeMPintoPDFobject=\count144
\everyMPtoPDFconversion=\toks46
) (/usr/local/texlive/2014/texmf-dist/tex/generic/oberdiek/pdftexcmds.sty
Package: pdftexcmds 2011/11/29 v0.20 Utility functions of pdfTeX for LuaTeX (HO
)

(/usr/local/texlive/2014/texmf-dist/tex/generic/oberdiek/ifluatex.sty
Package: ifluatex 2010/03/01 v1.3 Provides the ifluatex switch (HO)
Package ifluatex Info: LuaTeX not detected.
)
Package pdftexcmds Info: LuaTeX not detected.
Package pdftexcmds Info: \pdf@primitive is available.
Package pdftexcmds Info: \pdf@ifprimitive is available.
Package pdftexcmds Info: \pdfdraftmode found.
)
(/usr/local/texlive/2014/texmf-dist/tex/latex/oberdiek/epstopdf-base.sty
Package: epstopdf-base 2010/02/09 v2.5 Base part for package epstopdf

(/usr/local/texlive/2014/texmf-dist/tex/latex/oberdiek/grfext.sty
Package: grfext 2010/08/19 v1.1 Manage graphics extensions (HO)

(/usr/local/texlive/2014/texmf-dist/tex/generic/oberdiek/kvdefinekeys.sty
Package: kvdefinekeys 2011/04/07 v1.3 Define keys (HO)
))
(/usr/local/texlive/2014/texmf-dist/tex/latex/oberdiek/kvoptions.sty
Package: kvoptions 2011/06/30 v3.11 Key value format for package options (HO)

(/usr/local/texlive/2014/texmf-dist/tex/generic/oberdiek/kvsetkeys.sty
Package: kvsetkeys 2012/04/25 v1.16 Key value parser (HO)

(/usr/local/texlive/2014/texmf-dist/tex/generic/oberdiek/etexcmds.sty
Package: etexcmds 2011/02/16 v1.5 Avoid name clashes with e-TeX commands (HO)
Package etexcmds Info: Could not find \expanded.
(etexcmds)             That can mean that you are not using pdfTeX 1.50 or
(etexcmds)             that some package has redefined \expanded.
(etexcmds)             In the latter case, load this package earlier.
)))
Package grfext Info: Graphics extension search list:
(grfext)             [.png,.pdf,.jpg,.mps,.jpeg,.jbig2,.jb2,.PNG,.PDF,.JPG,.JPE
G,.JBIG2,.JB2,.eps]
(grfext)             \AppendGraphicsExtensions on input line 452.

(/usr/local/texlive/2014/texmf-dist/tex/latex/latexconfig/epstopdf-sys.cfg
File: epstopdf-sys.cfg 2010/07/13 v1.3 Configuration of (r)epstopdf for TeX Liv
e
))
LaTeX Font Info:    Try loading font information for U+msa on input line 28.

(/usr/local/texlive/2014/texmf-dist/tex/latex/amsfonts/umsa.fd
File: umsa.fd 2013/01/14 v3.01 AMS symbols A
)
LaTeX Font Info:    Try loading font information for U+msb on input line 28.

(/usr/local/texlive/2014/texmf-dist/tex/latex/amsfonts/umsb.fd
File: umsb.fd 2013/01/14 v3.01 AMS symbols B
) [1
Non-PDF special ignored!
Non-PDF special ignored!
Non-PDF special ignored!
Non-PDF special ignored!


Non-PDF special ignored!
Non-PDF special ignored!
Non-PDF special ignored!

{/usr/local/texlive/2014/texmf-var/fonts/map/pdftex/updmap/pdftex.map}] [2

] (./ProbabilityStatistics.toc [3] [4] [5])
\tf@toc=\write3
\openout3 = `ProbabilityStatistics.toc'.

 (./intro.tex
[6]
Chapter 1.
[7

]
Overfull \hbox (6.05133pt too wide) in paragraph at lines 78--86
[]\OT1/cmr/m/n/10 As we can-not make a con-fi-dent con-clu-sions, we con-tinue 
plac-ing the ads in an al-ter-nat-ing or-der (A,B,A,B,...)
 []

[8] [9] <figs/averages10000.png, id=46, 1286.8075pt x 903.375pt>
File: figs/averages10000.png Graphic file (type png)

<use figs/averages10000.png>
Package pdftex.def Info: figs/averages10000.png used on input line 239.
(pdftex.def)             Requested size: 361.34999pt x 253.67384pt.

<figs/averages1000000.png, id=47, 1204.5pt x 903.375pt>
File: figs/averages1000000.png Graphic file (type png)

<use figs/averages1000000.png>
Package pdftex.def Info: figs/averages1000000.png used on input line 240.
(pdftex.def)             Requested size: 361.34999pt x 271.01459pt.


LaTeX Warning: Float too large for page by 0.56529pt on input line 249.


Overfull \hbox (0.6337pt too wide) in paragraph at lines 255--255
[][]\OT1/cmr/m/n/8 The code is avail-able via GitHub: \OT1/cmtt/m/n/8 https://g
ithub.com/yoavfreund/CSE103-code/blob/master/MonteCarlo/monteCarlo.py| 
 []


Underfull \vbox (badness 7203) has occurred while \output is active []

 [10]
[11 <./figs/averages10000.png (PNG copy)> <./figs/averages1000000.png (PNG copy
)>]) (./SimpleEvents.tex [12]
Chapter 2.
[13

] <figs/EventTree1Coin.png, id=63, 185.69376pt x 139.52126pt>
File: figs/EventTree1Coin.png Graphic file (type png)

<use figs/EventTree1Coin.png>
Package pdftex.def Info: figs/EventTree1Coin.png used on input line 96.
(pdftex.def)             Requested size: 144.54pt x 108.60258pt.

<figs/EventTree3Coins.png, id=65, 947.54pt x 596.2275pt>
File: figs/EventTree3Coins.png Graphic file (type png)

<use figs/EventTree3Coins.png>
Package pdftex.def Info: figs/EventTree3Coins.png used on input line 108.
(pdftex.def)             Requested size: 433.62pt x 272.84874pt.
 [14 <./figs/EventTree1Coin.png>] [15 <./figs/EventTree3Coins.png>] <figs/Event
Tree3Cards.png, id=74, 672.5125pt x 319.1925pt>
File: figs/EventTree3Cards.png Graphic file (type png)

<use figs/EventTree3Cards.png>
Package pdftex.def Info: figs/EventTree3Cards.png used on input line 223.
(pdftex.def)             Requested size: 325.215pt x 154.35521pt.
 [16 <./figs/EventTree3Cards.png>]
LaTeX Font Info:    Try loading font information for OMS+cmr on input line 236.


(/usr/local/texlive/2014/texmf-dist/tex/latex/base/omscmr.fd
File: omscmr.fd 1999/05/25 v2.5h Standard LaTeX font definitions
)
LaTeX Font Info:    Font shape `OMS/cmr/m/n' in size <10> not available
(Font)              Font shape `OMS/cmsy/m/n' tried instead on input line 236.
)
(./Combinatorics.tex [17] [18

]
Chapter 3.
[19] [20]
Underfull \hbox (badness 10000) in paragraph at lines 140--143

 []


Underfull \hbox (badness 10000) in paragraph at lines 144--151

 []


Overfull \hbox (8.8846pt too wide) in paragraph at lines 172--177
[]\OT1/cmr/m/n/10 In this case, it is mis-lead-ing to rep-re-sent an out-come a
s a 3-tuple, be-cause, for in-stance, $[]$
 []


Package amsmath Warning: Foreign command \atopwithdelims;
(amsmath)                \frac or \genfrac should be used instead
(amsmath)                 on input line 180.


Underfull \hbox (badness 10000) in paragraph at lines 180--183

 []


Underfull \hbox (badness 10000) in paragraph at lines 194--196

 []


Underfull \hbox (badness 10000) in paragraph at lines 197--203

 []

[21]) (./ProbabilitySpaces.tex [22]
Chapter 4.
[23

] [24] [25]
Overfull \hbox (16.41193pt too wide) in paragraph at lines 156--157
\OT1/cmr/m/n/10 up double-counting se-quences, be-cause for in-stance, the pair
 $(5\OML/cmm/m/it/10 ; \OT1/cmr/m/n/10 7)$ also refers to $(\OML/cmm/m/it/10 T;
 T; T; T; H; T; H; T; T; T\OT1/cmr/m/n/10 )$.
 []

[26] [27] [28] [29]
Overfull \hbox (7.04207pt too wide) in paragraph at lines 363--366
[]\OT1/cmr/m/n/10 Three of a kind - Three cards of the same rank, plus two othe
r cards. For ex-am-ple, $10\OMS/cmsy/m/n/10 ^^?\OT1/cmr/m/n/10 10\OMS/cmsy/m/n/
10 |\OT1/cmr/m/n/10 10\OMS/cmsy/m/n/10 ~\OT1/cmr/m/n/10 6\OMS/cmsy/m/n/10 }\OT1
/cmr/m/n/10 4\OMS/cmsy/m/n/10 }$ 
 []

) (./GeneralProbSpaces.tex [30]
Chapter 5.
<figs/WheelsOfChanceFiniteCoutable.png, id=126, 622.9674pt x 388.3308pt>
File: figs/WheelsOfChanceFiniteCoutable.png Graphic file (type png)

<use figs/WheelsOfChanceFiniteCoutable.png>
Package pdftex.def Info: figs/WheelsOfChanceFiniteCoutable.png used on input li
ne 54.
(pdftex.def)             Requested size: 361.34999pt x 225.2557pt.
 [31

] [32 <./figs/WheelsOfChanceFiniteCoutable.png>] [33]
<figs/WheelsOfChanceUncountable.png, id=139, 897.8343pt x 650.06865pt>
File: figs/WheelsOfChanceUncountable.png Graphic file (type png)

<use figs/WheelsOfChanceUncountable.png>
Package pdftex.def Info: figs/WheelsOfChanceUncountable.png used on input line 
181.
(pdftex.def)             Requested size: 361.34999pt x 261.62976pt.
 [34 <./figs/WheelsOfChanceUncountable.png>] <figs/HistogramsVsCDF_D.jpg, id=14
4, 1104.125pt x 755.82375pt>
File: figs/HistogramsVsCDF_D.jpg Graphic file (type jpg)

<use figs/HistogramsVsCDF_D.jpg>
Package pdftex.def Info: figs/HistogramsVsCDF_D.jpg used on input line 203.
(pdftex.def)             Requested size: 361.34999pt x 247.35822pt.

<figs/HistogramsVsCDF_PM+D.jpg, id=145, 1076.02pt x 725.71124pt>
File: figs/HistogramsVsCDF_PM+D.jpg Graphic file (type jpg)

<use figs/HistogramsVsCDF_PM+D.jpg>
Package pdftex.def Info: figs/HistogramsVsCDF_PM+D.jpg used on input line 210.
(pdftex.def)             Requested size: 361.34999pt x 243.70444pt.
 [35 <./figs/HistogramsVsCDF_D.jpg>]
<figs/CDFmapping.png, id=149, 672.5125pt x 249.93375pt>
File: figs/CDFmapping.png Graphic file (type png)

<use figs/CDFmapping.png>
Package pdftex.def Info: figs/CDFmapping.png used on input line 250.
(pdftex.def)             Requested size: 361.34999pt x 134.29482pt.
 [36 <./figs/HistogramsVsCDF_PM+D.jpg>]
<figs/CDFs.png, id=154, 1149.29375pt x 678.535pt>
File: figs/CDFs.png Graphic file (type png)
 <use figs/CDFs.png>
Package pdftex.def Info: figs/CDFs.png used on input line 261.
(pdftex.def)             Requested size: 361.34999pt x 213.33586pt.


LaTeX Warning: `h' float specifier changed to `ht'.

<figs/Discrete1.jpg, id=155, 727.71875pt x 564.1075pt>
File: figs/Discrete1.jpg Graphic file (type jpg)

<use figs/Discrete1.jpg>
Package pdftex.def Info: figs/Discrete1.jpg used on input line 292.
(pdftex.def)             Requested size: 216.81pt x 168.06291pt.
 <figs/4PointMass.jpg, id=156, 562.1pt x 421.575pt>
File: figs/4PointMass.jpg Graphic file (type jpg)

<use figs/4PointMass.jpg>
Package pdftex.def Info: figs/4PointMass.jpg used on input line 293.
(pdftex.def)             Requested size: 216.81pt x 162.60599pt.
 <figs/Discrete2.jpg, id=157, 562.1pt x 421.575pt>
File: figs/Discrete2.jpg Graphic file (type jpg)

<use figs/Discrete2.jpg>
Package pdftex.def Info: figs/Discrete2.jpg used on input line 303.
(pdftex.def)             Requested size: 216.81pt x 162.60599pt.
 <figs/Normal.jpg, id=158, 968.61874pt x 578.16pt>
File: figs/Normal.jpg Graphic file (type jpg)

<use figs/Normal.jpg>
Package pdftex.def Info: figs/Normal.jpg used on input line 304.
(pdftex.def)             Requested size: 216.81pt x 129.40991pt.
 <figs/Uniform.jpg, id=159, 562.1pt x 421.575pt>
File: figs/Uniform.jpg Graphic file (type jpg)

<use figs/Uniform.jpg>
Package pdftex.def Info: figs/Uniform.jpg used on input line 316.
(pdftex.def)             Requested size: 216.81pt x 162.60599pt.
 <figs/unifMixture2CDF.jpg, id=160, 562.1pt x 421.575pt>
File: figs/unifMixture2CDF.jpg Graphic file (type jpg)

<use figs/unifMixture2CDF.jpg>
Package pdftex.def Info: figs/unifMixture2CDF.jpg used on input line 317.
(pdftex.def)             Requested size: 216.81pt x 162.60599pt.

<figs/dartboard.jpg, id=161, 226.8475pt x 224.84pt>
File: figs/dartboard.jpg Graphic file (type jpg)
 <use figs/dartboard.jpg>
Package pdftex.def Info: figs/dartboard.jpg used on input line 346.
(pdftex.def)             Requested size: 72.26999pt x 71.6312pt.

[37 <./figs/CDFmapping.png> <./figs/dartboard.jpg>])
(./MultipleEventsConditioningandIndependence.tex [38 <./figs/CDFs.png>]
[39 <./figs/Discrete1.jpg> <./figs/4PointMass.jpg> <./figs/Discrete2.jpg> <./fi
gs/Normal.jpg>] [40 <./figs/Uniform.jpg> <./figs/unifMixture2CDF.jpg>]
Chapter 6.
[41

] [42] [43] [44] [45] [46] [47] [48])
(./RandomVariablesExpectationVariance.tex [49] [50

]
Chapter 7.
[51]
Overfull \hbox (32.87021pt too wide) in paragraph at lines 93--95
[]\OT1/cmr/m/n/10 To give an ex-am-ple, con-sider a ran-dom vari-able $\OML/cmm
/m/it/10 X$ \OT1/cmr/m/n/10 over the nonzero in-te-gers $\U/msb/m/n/10 Z \OMS/c
msy/m/n/10 n f\OT1/cmr/m/n/10 0\OMS/cmsy/m/n/10 g \OT1/cmr/m/n/10 = \OMS/cmsy/m
/n/10 f[] \OML/cmm/m/it/10 ; \OMS/cmsy/m/n/10 ^^@\OT1/cmr/m/n/10 3\OML/cmm/m/it
/10 ; \OMS/cmsy/m/n/10 ^^@\OT1/cmr/m/n/10 2\OML/cmm/m/it/10 ; \OMS/cmsy/m/n/10 
^^@\OT1/cmr/m/n/10 1\OML/cmm/m/it/10 ; \OT1/cmr/m/n/10 1\OML/cmm/m/it/10 ; \OT1
/cmr/m/n/10 2\OML/cmm/m/it/10 ; \OT1/cmr/m/n/10 3\OML/cmm/m/it/10 ; [] \OMS/cms
y/m/n/10 g$\OT1/cmr/m/n/10 ,
 []

[52] [53]
Underfull \hbox (badness 10000) in paragraph at lines 162--164

 []

[54] [55] [56] [57] <figs/spread2.pdf, id=233, 144.54pt x 63.23625pt>
File: figs/spread2.pdf Graphic file (type pdf)

<use figs/spread2.pdf>
Package pdftex.def Info: figs/spread2.pdf used on input line 483.
(pdftex.def)             Requested size: 144.54pt x 63.23897pt.
 <figs/spread1.pdf, id=234, 144.54pt x 30.1125pt>
File: figs/spread1.pdf Graphic file (type pdf)

<use figs/spread1.pdf>
Package pdftex.def Info: figs/spread1.pdf used on input line 485.
(pdftex.def)             Requested size: 144.54pt x 30.11378pt.
 [58 <./figs/spread2.pdf> <./figs/spread1.pdf>] [59]
[60]) (./Covariance.tex [61] [62

]
Chapter 8.
[63] <figs/correlationCoefficients.png, id=260, 1267.73625pt x 549.05125pt>
File: figs/correlationCoefficients.png Graphic file (type png)

<use figs/correlationCoefficients.png>
Package pdftex.def Info: figs/correlationCoefficients.png used on input line 90
.
(pdftex.def)             Requested size: 361.34999pt x 156.49799pt.
 [64 <./figs/correlationCoefficients.png>]) (./SamplingHypothesisTestingCLT.tex
 [65] [66

]
Chapter 9.
<figs/bin(100,06).pdf, id=270, 485.07242pt x 433.85547pt>
File: figs/bin(100,06).pdf Graphic file (type pdf)

<use figs/bin(100,06).pdf>
Package pdftex.def Info: figs/bin(100,06).pdf used on input line 16.
(pdftex.def)             Requested size: 216.81pt x 193.91576pt.
 [67 <./figs/bin(100,06).pdf>] [68] [69]
<figs/bell.pdf, id=298, 526.96875pt x 485.815pt>
File: figs/bell.pdf Graphic file (type pdf)
 <use figs/bell.pdf>
Package pdftex.def Info: figs/bell.pdf used on input line 164.
(pdftex.def)             Requested size: 216.81442pt x 108.39928pt.

<figs/three-norm.pdf, id=299, 526.96875pt x 485.815pt>
File: figs/three-norm.pdf Graphic file (type pdf)

<use figs/three-norm.pdf>
Package pdftex.def Info: figs/three-norm.pdf used on input line 182.
(pdftex.def)             Requested size: 289.09393pt x 216.80597pt.
 [70 <./figs/bell.pdf> <./figs/three-norm.pdf>]
[71] [72] [73]) (./RandomAlgorithms.tex [74]
Chapter 10.
[75

] [76] [77] <figs/SortingLowerBound.png, id=331, 890.32625pt x 460.72125pt>
File: figs/SortingLowerBound.png Graphic file (type png)

<use figs/SortingLowerBound.png>
Package pdftex.def Info: figs/SortingLowerBound.png used on input line 267.
(pdftex.def)             Requested size: 289.07999pt x 149.59203pt.
 [78] [79 <./figs/SortingLowerBound.png>]
[80] <figs/mincut.pdf, id=345, 109.40875pt x 61.22874pt>
File: figs/mincut.pdf Graphic file (type pdf)
 <use figs/mincut.pdf>
Package pdftex.def Info: figs/mincut.pdf used on input line 396.
(pdftex.def)             Requested size: 108.405pt x 60.668pt.
File: figs/mincut.pdf Graphic file (type pdf)

<use figs/mincut.pdf>
Package pdftex.def Info: figs/mincut.pdf used on input line 419.
(pdftex.def)             Requested size: 108.405pt x 60.668pt.
 <figs/cut1.pdf, id=346, 109.40875pt x 61.22874pt>
File: figs/cut1.pdf Graphic file (type pdf)

<use figs/cut1.pdf>
Package pdftex.def Info: figs/cut1.pdf used on input line 429.
(pdftex.def)             Requested size: 108.405pt x 60.668pt.
 <figs/cut2.pdf, id=347, 109.40875pt x 61.22874pt>
File: figs/cut2.pdf Graphic file (type pdf)

<use figs/cut2.pdf>
Package pdftex.def Info: figs/cut2.pdf used on input line 438.
(pdftex.def)             Requested size: 108.405pt x 60.668pt.
 <figs/cut3.pdf, id=348, 81.30376pt x 60.225pt>
File: figs/cut3.pdf Graphic file (type pdf)

<use figs/cut3.pdf>
Package pdftex.def Info: figs/cut3.pdf used on input line 448.
(pdftex.def)             Requested size: 90.3375pt x 66.92128pt.
 <figs/cut4.pdf, id=349, 92.345pt x 60.225pt>
File: figs/cut4.pdf Graphic file (type pdf)

<use figs/cut4.pdf>
Package pdftex.def Info: figs/cut4.pdf used on input line 458.
(pdftex.def)             Requested size: 97.56493pt x 63.62958pt.
 <figs/cut5.pdf, id=350, 66.2475pt x 60.225pt>
File: figs/cut5.pdf Graphic file (type pdf)

<use figs/cut5.pdf>
Package pdftex.def Info: figs/cut5.pdf used on input line 468.
(pdftex.def)             Requested size: 72.26999pt x 65.70457pt.
 <figs/cut6.pdf, id=351, 83.31125pt x 12.045pt>
File: figs/cut6.pdf Graphic file (type pdf)

<use figs/cut6.pdf>
Package pdftex.def Info: figs/cut6.pdf used on input line 478.
(pdftex.def)             Requested size: 90.3375pt x 13.06168pt.
 [81 <./figs/mincut.pdf>] [82 <./figs/cut1.pdf> <./figs/cut2.pdf> <./figs/cut3.
pdf> <./figs/cut4.pdf> <./figs/cut5.pdf> <./figs/cut6.pdf>]
Underfull \hbox (badness 10000) in paragraph at lines 537--540

 []

[83] [84] [85] <figs/postings.pdf, id=390, 292.09125pt x 135.50626pt>
File: figs/postings.pdf Graphic file (type pdf)

<use figs/postings.pdf>
Package pdftex.def Info: figs/postings.pdf used on input line 752.
(pdftex.def)             Requested size: 361.34999pt x 167.65175pt.
 [86 <./figs/postings.pdf>] [87]
Underfull \hbox (badness 10000) in paragraph at lines 866--868

 []

[88] [89] [90]) (./pseudo_randomness.tex [91] [92

]
Chapter 11.
[93] [94]) (./RandomGeneration.tex [95] [96

]
Chapter 12.
[97] [98] [99] [100]) (./MachineLearning.tex [101] [102

]
Chapter 13.
<figs/mnist.pdf, id=447, 563.10374pt x 113.42375pt>
File: figs/mnist.pdf Graphic file (type pdf)
 <use figs/mnist.pdf>
Package pdftex.def Info: figs/mnist.pdf used on input line 13.
(pdftex.def)             Requested size: 433.62pt x 87.34346pt.

[103 <./figs/mnist.pdf>] [104] [105]
<figs/decision.pdf, id=461, 186.6975pt x 172.645pt>
File: figs/decision.pdf Graphic file (type pdf)
 <use figs/decision.pdf>
Package pdftex.def Info: figs/decision.pdf used on input line 168.
(pdftex.def)             Requested size: 252.94499pt x 233.91682pt.

<figs/decision1.pdf, id=462, 19.07124pt x 19.07124pt>
File: figs/decision1.pdf Graphic file (type pdf)
 <use figs/decision1.pdf>
Package pdftex.def Info: figs/decision1.pdf used on input line 188.
(pdftex.def)             Requested size: 21.68121pt x 21.68205pt.

<figs/decision2.pdf, id=463, 127.47626pt x 77.28876pt>
File: figs/decision2.pdf Graphic file (type pdf)

<use figs/decision2.pdf>
Package pdftex.def Info: figs/decision2.pdf used on input line 200.
(pdftex.def)             Requested size: 180.67499pt x 109.54912pt.
 [106 <./figs/decision.pdf> <./figs/decision1.pdf>]
<figs/decision3.pdf, id=474, 110.4125pt x 70.2625pt>
File: figs/decision3.pdf Graphic file (type pdf)
 <use figs/decision3.pdf>
Package pdftex.def Info: figs/decision3.pdf used on input line 208.
(pdftex.def)             Requested size: 162.6075pt x 103.48296pt.

[107 <./figs/decision2.pdf> <./figs/decision3.pdf>]
<figs/linear1.pdf, id=486, 101.37875pt x 63.23625pt>
File: figs/linear1.pdf Graphic file (type pdf)
 <use figs/linear1.pdf>
Package pdftex.def Info: figs/linear1.pdf used on input line 281.
(pdftex.def)             Requested size: 144.54pt x 90.16081pt.

<figs/linear2.pdf, id=487, 101.37875pt x 72.27pt>
File: figs/linear2.pdf Graphic file (type pdf)
 <use figs/linear2.pdf>
Package pdftex.def Info: figs/linear2.pdf used on input line 289.
(pdftex.def)             Requested size: 144.54pt x 103.04092pt.

[108 <./figs/linear1.pdf> <./figs/linear2.pdf>]
<figs/linear3.pdf, id=499, 101.37875pt x 91.34125pt>
File: figs/linear3.pdf Graphic file (type pdf)
 <use figs/linear3.pdf>
Package pdftex.def Info: figs/linear3.pdf used on input line 309.
(pdftex.def)             Requested size: 144.54pt x 130.2323pt.

<figs/linear4.pdf, id=500, 104.39pt x 63.23625pt>
File: figs/linear4.pdf Graphic file (type pdf)
 <use figs/linear4.pdf>
Package pdftex.def Info: figs/linear4.pdf used on input line 316.
(pdftex.def)             Requested size: 144.54pt x 87.57004pt.
)
[109 <./figs/linear3.pdf> <./figs/linear4.pdf>] (./ProbabilityStatistics.aux)

LaTeX Warning: Label(s) may have changed. Rerun to get cross-references right.

 ) 
Here is how much of TeX's memory you used:
 10478 strings out of 493117
 182637 string characters out of 6135433
 261226 words of memory out of 5000000
 13678 multiletter control sequences out of 15000+600000
 15435 words of font info for 60 fonts, out of 8000000 for 9000
 1141 hyphenation exceptions out of 8191
 38i,14n,51p,958b,391s stack positions out of 5000i,500n,10000p,200000b,80000s
</usr/local/texlive/2014/texmf-dist/fonts/type1/public/amsfonts/cm/cmbx10.pfb
></usr/local/texlive/2014/texmf-dist/fonts/type1/public/amsfonts/cm/cmbx12.pfb>
</usr/local/texlive/2014/texmf-dist/fonts/type1/public/amsfonts/cm/cmbxti10.pfb
></usr/local/texlive/2014/texmf-dist/fonts/type1/public/amsfonts/cm/cmcsc10.pfb
></usr/local/texlive/2014/texmf-dist/fonts/type1/public/amsfonts/cm/cmex10.pfb>
</usr/local/texlive/2014/texmf-dist/fonts/type1/public/amsfonts/cm/cmmi10.pfb><
/usr/local/texlive/2014/texmf-dist/fonts/type1/public/amsfonts/cm/cmmi12.pfb></
usr/local/texlive/2014/texmf-dist/fonts/type1/public/amsfonts/cm/cmmi5.pfb></us
r/local/texlive/2014/texmf-dist/fonts/type1/public/amsfonts/cm/cmmi7.pfb></usr/
local/texlive/2014/texmf-dist/fonts/type1/public/amsfonts/cm/cmmi8.pfb></usr/lo
cal/texlive/2014/texmf-dist/fonts/type1/public/amsfonts/cm/cmr10.pfb></usr/loca
l/texlive/2014/texmf-dist/fonts/type1/public/amsfonts/cm/cmr12.pfb></usr/local/
texlive/2014/texmf-dist/fonts/type1/public/amsfonts/cm/cmr17.pfb></usr/local/te
xlive/2014/texmf-dist/fonts/type1/public/amsfonts/cm/cmr5.pfb></usr/local/texli
ve/2014/texmf-dist/fonts/type1/public/amsfonts/cm/cmr6.pfb></usr/local/texlive/
2014/texmf-dist/fonts/type1/public/amsfonts/cm/cmr7.pfb></usr/local/texlive/201
4/texmf-dist/fonts/type1/public/amsfonts/cm/cmr8.pfb></usr/local/texlive/2014/t
exmf-dist/fonts/type1/public/amsfonts/cm/cmsl10.pfb></usr/local/texlive/2014/te
xmf-dist/fonts/type1/public/amsfonts/cm/cmsy10.pfb></usr/local/texlive/2014/tex
mf-dist/fonts/type1/public/amsfonts/cm/cmsy5.pfb></usr/local/texlive/2014/texmf
-dist/fonts/type1/public/amsfonts/cm/cmsy7.pfb></usr/local/texlive/2014/texmf-d
ist/fonts/type1/public/amsfonts/cm/cmti10.pfb></usr/local/texlive/2014/texmf-di
st/fonts/type1/public/amsfonts/cm/cmti8.pfb></usr/local/texlive/2014/texmf-dist
/fonts/type1/public/amsfonts/cm/cmtt10.pfb></usr/local/texlive/2014/texmf-dist/
fonts/type1/public/amsfonts/cm/cmtt8.pfb></usr/local/texlive/2014/texmf-dist/fo
nts/type1/public/amsfonts/symbols/msbm10.pfb></usr/local/texlive/2014/texmf-dis
t/fonts/type1/public/amsfonts/symbols/msbm7.pfb>
Output written on ProbabilityStatistics.pdf (109 pages, 5057083 bytes).
PDF statistics:
 603 PDF objects out of 1000 (max. 8388607)
 408 compressed objects within 5 object streams
 0 named destinations out of 1000 (max. 500000)
 211 words of extra memory for PDF output out of 10000 (max. 10000000)

