This is pdfTeXk, Version 3.141592-1.40.3 (Web2C 7.5.6) (format=pdflatex 2007.5.18)  7 NOV 2014 10:37
entering extended mode
 %&-line parsing enabled.
**CheatSheet.tex
(./CheatSheet.tex
LaTeX2e <2005/12/01>
Babel <v3.8h> and hyphenation patterns for english, usenglishmax, dumylang, noh
yphenation, arabic, basque, bulgarian, coptic, welsh, czech, slovak, german, ng
erman, danish, esperanto, spanish, catalan, galician, estonian, farsi, finnish,
 french, greek, monogreek, ancientgreek, croatian, hungarian, interlingua, ibyc
us, indonesian, icelandic, italian, latin, mongolian, dutch, norsk, polish, por
tuguese, pinyin, romanian, russian, slovenian, uppersorbian, serbian, swedish, 
turkish, ukenglish, ukrainian, loaded.
(/usr/local/texlive/2007/texmf-dist/tex/latex/base/article.cls
Document Class: article 2005/09/16 v1.4f Standard LaTeX document class
(/usr/local/texlive/2007/texmf-dist/tex/latex/base/size10.clo
File: size10.clo 2005/09/16 v1.4f Standard LaTeX file (size option)
)
\c@part=\count79
\c@section=\count80
\c@subsection=\count81
\c@subsubsection=\count82
\c@paragraph=\count83
\c@subparagraph=\count84
\c@figure=\count85
\c@table=\count86
\abovecaptionskip=\skip41
\belowcaptionskip=\skip42
\bibindent=\dimen102
)
(/usr/local/texlive/2007/texmf-dist/tex/latex/preprint/fullpage.sty
Package: fullpage 1999/02/23 1.1 (PWD)
\FP@margin=\skip43
)
No file CheatSheet.aux.
\openout1 = `CheatSheet.aux'.

LaTeX Font Info:    Checking defaults for OML/cmm/m/it on input line 4.
LaTeX Font Info:    ... okay on input line 4.
LaTeX Font Info:    Checking defaults for T1/cmr/m/n on input line 4.
LaTeX Font Info:    ... okay on input line 4.
LaTeX Font Info:    Checking defaults for OT1/cmr/m/n on input line 4.
LaTeX Font Info:    ... okay on input line 4.
LaTeX Font Info:    Checking defaults for OMS/cmsy/m/n on input line 4.
LaTeX Font Info:    ... okay on input line 4.
LaTeX Font Info:    Checking defaults for OMX/cmex/m/n on input line 4.
LaTeX Font Info:    ... okay on input line 4.
LaTeX Font Info:    Checking defaults for U/cmr/m/n on input line 4.
LaTeX Font Info:    ... okay on input line 4.
LaTeX Font Info:    External font `cmex10' loaded for size
(Font)              <7> on input line 12.
LaTeX Font Info:    External font `cmex10' loaded for size
(Font)              <5> on input line 12.

Underfull \hbox (badness 4872) in paragraph at lines 21--23
[]\OT1/cmr/m/n/10 For any two real num-bers $(\OML/cmm/m/it/10 a \OT1/cmr/m/n/1
0 + \OML/cmm/m/it/10 b\OT1/cmr/m/n/10 )[] =
 []


Underfull \hbox (badness 1275) in paragraph at lines 42--44
[]\OT1/cmr/m/n/10 Independence: $\OML/cmm/m/it/10 A; B$ \OT1/cmr/m/n/10 are in-
de-pen-dent events
 []

LaTeX Font Info:    Try loading font information for OMS+cmr on input line 52.
(/usr/local/texlive/2007/texmf-dist/tex/latex/base/omscmr.fd
File: omscmr.fd 1999/05/25 v2.5h Standard LaTeX font definitions
)
LaTeX Font Info:    Font shape `OMS/cmr/m/n' in size <10> not available
(Font)              Font shape `OMS/cmsy/m/n' tried instead on input line 52.

Overfull \hbox (14.53242pt too wide) detected at line 58
[] \OML/cmm/m/it/10 r[] \OT1/cmr/m/n/10 = [];    [] \OML/cmm/m/it/10 r[] \OT1/c
mr/m/n/10 = []\OML/cmm/m/it/10 ;   [] ir[] \OT1/cmr/m/n/10 = []
 []


Overfull \hbox (25.39241pt too wide) detected at line 67
[] \OML/cmm/m/it/10 i\OT1/cmr/m/n/10 (1 \OMS/cmsy/m/n/10 ^^@ \OML/cmm/m/it/10 p
\OT1/cmr/m/n/10 )[]\OML/cmm/m/it/10 p \OT1/cmr/m/n/10 = [] [] \OML/cmm/m/it/10 
i\OT1/cmr/m/n/10 (1 \OMS/cmsy/m/n/10 ^^@ \OML/cmm/m/it/10 p\OT1/cmr/m/n/10 )[] 
= [][] = []
 []


Underfull \hbox (badness 2556) in paragraph at lines 81--81
[]\OT1/cmr/bx/n/12 Random vari-ables, ex-pec-ta-tion and
 []

[1

{/usr/local/texlive/2007/texmf-var/fonts/map/pdftex/updmap/pdftex.map}]
Underfull \hbox (badness 10000) in paragraph at lines 99--101
[]\OT1/cmr/m/n/10 If $\OML/cmm/m/it/10 X[]; [] ; X[]$ \OT1/cmr/m/n/10 are in-de
-pen-dent then
 []


Overfull \hbox (8.84798pt too wide) detected at line 103
\OML/cmm/m/it/10 ^^[[] [] [] [] [] E\OT1/cmr/m/n/10 ((\OML/cmm/m/it/10 X \OMS/c
msy/m/n/10 ^^@ \OML/cmm/m/it/10 E\OT1/cmr/m/n/10 (\OML/cmm/m/it/10 X\OT1/cmr/m/
n/10 ))[]) = \OML/cmm/m/it/10 E\OT1/cmr/m/n/10 (\OML/cmm/m/it/10 X[]\OT1/cmr/m/
n/10 ) \OMS/cmsy/m/n/10 ^^@ \OML/cmm/m/it/10 E\OT1/cmr/m/n/10 (\OML/cmm/m/it/10
 X\OT1/cmr/m/n/10 )[]
 []


Underfull \hbox (badness 3407) in paragraph at lines 148--152
\OT1/cmr/m/n/10 If $\OML/cmm/m/it/10 X; Y$ \OT1/cmr/m/n/10 are in-de-pen-dent t
hen $\OML/cmm/m/it/10 E\OT1/cmr/m/n/10 (\OML/cmm/m/it/10 XY\OT1/cmr/m/n/10 ) =
 []


Overfull \hbox (65.02448pt too wide) in alignment at lines 153--157
 [][][] []
 []

[2]
Underfull \hbox (badness 10000) in paragraph at lines 266--274
[]\OT1/cmr/bx/n/10 the Nor-mal Ap-prox-i-ma-tion: \OT1/cmr/m/n/10 Given
 []


Underfull \hbox (badness 7558) in paragraph at lines 266--274
\OT1/cmr/m/n/10 a ran-dom vari-able $\OML/cmm/m/it/10 Y$ \OT1/cmr/m/n/10 whose 
dis-tri-bu-tion
 []


Underfull \hbox (badness 5592) in paragraph at lines 266--274
\OT1/cmr/m/n/10 is nor-mal $\OMS/cmsy/m/n/10 N\OT1/cmr/m/n/10 (\OML/cmm/m/it/10
 ^^V; ^^[[]\OT1/cmr/m/n/10 )$ we can cal-cu-ate the
 []


Underfull \hbox (badness 1122) in paragraph at lines 266--274
\OT1/cmr/m/n/10 prob-a-bil-ity $\OML/cmm/m/it/10 P\OT1/cmr/m/n/10 (\OML/cmm/m/i
t/10 Y > a\OT1/cmr/m/n/10 ) = \OML/cmm/m/it/10 P\OT1/cmr/m/n/10 (\OML/cmm/m/it/
10 Y \OMS/cmsy/m/n/10 ^^U \OML/cmm/m/it/10 a\OT1/cmr/m/n/10 )$ (or
 []


Underfull \hbox (badness 10000) in paragraph at lines 266--274

 []

[3] [4] [5

] (./CheatSheet.aux) ) 
Here is how much of TeX's memory you used:
 248 strings out of 94073
 2951 string characters out of 1162984
 57804 words of memory out of 1500000
 3609 multiletter control sequences out of 10000+50000
 4899 words of font info for 18 fonts, out of 1200000 for 2000
 645 hyphenation exceptions out of 8191
 23i,6n,19p,152b,235s stack positions out of 5000i,500n,6000p,200000b,5000s
</usr/local/texlive/2007/texmf-dist/fonts/type1/bluesky/c
m/cmbx10.pfb></usr/local/texlive/2007/texmf-dist/fonts/type1/bluesky/cm/cmbx12.
pfb></usr/local/texlive/2007/texmf-dist/fonts/type1/bluesky/cm/cmex10.pfb></usr
/local/texlive/2007/texmf-dist/fonts/type1/bluesky/cm/cmmi10.pfb></usr/local/te
xlive/2007/texmf-dist/fonts/type1/bluesky/cm/cmmi5.pfb></usr/local/texlive/2007
/texmf-dist/fonts/type1/bluesky/cm/cmmi7.pfb></usr/local/texlive/2007/texmf-dis
t/fonts/type1/bluesky/cm/cmr10.pfb></usr/local/texlive/2007/texmf-dist/fonts/ty
pe1/bluesky/cm/cmr5.pfb></usr/local/texlive/2007/texmf-dist/fonts/type1/bluesky
/cm/cmr7.pfb></usr/local/texlive/2007/texmf-dist/fonts/type1/bluesky/cm/cmsy10.
pfb></usr/local/texlive/2007/texmf-dist/fonts/type1/bluesky/cm/cmsy7.pfb></usr/
local/texlive/2007/texmf-dist/fonts/type1/bluesky/cm/cmti10.pfb>
Output written on CheatSheet.pdf (5 pages, 106433 bytes).
PDF statistics:
 66 PDF objects out of 1000 (max. 8388607)
 0 named destinations out of 1000 (max. 131072)
 1 words of extra memory for PDF output out of 10000 (max. 10000000)

